2023-06-20 13:23:39,705 INFO o.a.j.u.JMeterUtils: Setting Locale to en_IN
2023-06-20 13:23:39,721 INFO o.a.j.JMeter: Loading user properties from: user.properties
2023-06-20 13:23:39,721 INFO o.a.j.JMeter: Loading system properties from: system.properties
2023-06-20 13:23:39,721 INFO o.a.j.JMeter: Copyright (c) 1998-2022 The Apache Software Foundation
2023-06-20 13:23:39,721 INFO o.a.j.JMeter: Version 5.5
2023-06-20 13:23:39,721 INFO o.a.j.JMeter: java.version=19
2023-06-20 13:23:39,721 INFO o.a.j.JMeter: java.vm.name=Java HotSpot(TM) 64-Bit Server VM
2023-06-20 13:23:39,721 INFO o.a.j.JMeter: os.name=Windows 11
2023-06-20 13:23:39,721 INFO o.a.j.JMeter: os.arch=amd64
2023-06-20 13:23:39,721 INFO o.a.j.JMeter: os.version=10.0
2023-06-20 13:23:39,721 INFO o.a.j.JMeter: file.encoding=UTF-8
2023-06-20 13:23:39,721 INFO o.a.j.JMeter: java.awt.headless=null
2023-06-20 13:23:39,721 INFO o.a.j.JMeter: Max memory     =2090860544
2023-06-20 13:23:39,721 INFO o.a.j.JMeter: Available Processors =8
2023-06-20 13:23:39,737 INFO o.a.j.JMeter: Default Locale=English (India)
2023-06-20 13:23:39,737 INFO o.a.j.JMeter: JMeter  Locale=English (India)
2023-06-20 13:23:39,737 INFO o.a.j.JMeter: JMeterHome=D:\Azure Devops\apache-jmeter-5.5\apache-jmeter-5.5
2023-06-20 13:23:39,737 INFO o.a.j.JMeter: user.dir  =D:\Azure Devops\apache-jmeter-5.5\apache-jmeter-5.5\bin
2023-06-20 13:23:39,737 INFO o.a.j.JMeter: PWD       =D:\Azure Devops\apache-jmeter-5.5\apache-jmeter-5.5\bin
2023-06-20 13:23:39,737 INFO o.a.j.JMeter: IP: 55.55.54.2 Name: ATMECSINLT-1442 FullName: ATMECSINLT-1442.ATMECS.CORP
2023-06-20 13:23:39,752 INFO o.a.j.JMeter: Loaded icon properties from org/apache/jmeter/images/icon.properties
2023-06-20 13:23:39,957 INFO o.a.j.JMeterGuiLauncher: Setting LAF to: com.github.weisj.darklaf.DarkLaf:com.github.weisj.darklaf.theme.DarculaTheme
